2021-01-20T11:34:40.9118458+07:00 [ERR] (Microsoft.AspNetCore.Diagnostics.DeveloperExceptionPageMiddleware) An unhandled exception has occurred while executing the request.
System.InvalidOperationException: No authenticationScheme was specified, and there was no DefaultChallengeScheme found. The default schemes can be set using either AddAuthentication(string defaultScheme) or AddAuthentication(Action<AuthenticationOptions> configureOptions).
   at Microsoft.AspNetCore.Authentication.AuthenticationService.ChallengeAsync(HttpContext context, String scheme, AuthenticationProperties properties)
   at Microsoft.AspNetCore.Authorization.AuthorizationMiddleware.Invoke(HttpContext context)
   at Swashbuckle.AspNetCore.SwaggerUI.SwaggerUIMiddleware.Invoke(HttpContext httpContext)
   at Swashbuckle.AspNetCore.Swagger.SwaggerMiddleware.Invoke(HttpContext httpContext, ISwaggerProvider swaggerProvider)
   at Microsoft.AspNetCore.Diagnostics.DeveloperExceptionPageMiddleware.Invoke(HttpContext context)
2021-01-20T11:36:14.3518394+07:00 [ERR] (Microsoft.AspNetCore.Diagnostics.DeveloperExceptionPageMiddleware) An unhandled exception has occurred while executing the request.
System.InvalidOperationException: No authenticationScheme was specified, and there was no DefaultChallengeScheme found. The default schemes can be set using either AddAuthentication(string defaultScheme) or AddAuthentication(Action<AuthenticationOptions> configureOptions).
   at Microsoft.AspNetCore.Authentication.AuthenticationService.ChallengeAsync(HttpContext context, String scheme, AuthenticationProperties properties)
   at Microsoft.AspNetCore.Authorization.AuthorizationMiddleware.Invoke(HttpContext context)
   at Swashbuckle.AspNetCore.SwaggerUI.SwaggerUIMiddleware.Invoke(HttpContext httpContext)
   at Swashbuckle.AspNetCore.Swagger.SwaggerMiddleware.Invoke(HttpContext httpContext, ISwaggerProvider swaggerProvider)
   at Microsoft.AspNetCore.Diagnostics.DeveloperExceptionPageMiddleware.Invoke(HttpContext context)
2021-01-20T13:01:37.3753785+07:00 [ERR] (Microsoft.AspNetCore.Diagnostics.DeveloperExceptionPageMiddleware) An unhandled exception has occurred while executing the request.
System.ArgumentOutOfRangeException: IDX10603: Decryption failed. Keys tried: '[PII is hidden. For more details, see https://aka.ms/IdentityModel/PII.]'.
Exceptions caught:
 '[PII is hidden. For more details, see https://aka.ms/IdentityModel/PII.]'.
token: '[PII is hidden. For more details, see https://aka.ms/IdentityModel/PII.]' (Parameter 'KeySize')
   at Microsoft.IdentityModel.Tokens.SymmetricSignatureProvider..ctor(SecurityKey key, String algorithm, Boolean willCreateSignatures)
   at Microsoft.IdentityModel.Tokens.CryptoProviderFactory.CreateSignatureProvider(SecurityKey key, String algorithm, Boolean willCreateSignatures)
   at Microsoft.IdentityModel.Tokens.CryptoProviderFactory.CreateForSigning(SecurityKey key, String algorithm)
   at Microsoft.IdentityModel.JsonWebTokens.JwtTokenUtilities.CreateEncodedSignature(String input, SigningCredentials signingCredentials)
   at System.IdentityModel.Tokens.Jwt.JwtSecurityTokenHandler.CreateJwtSecurityTokenPrivate(String issuer, String audience, ClaimsIdentity subject, Nullable`1 notBefore, Nullable`1 expires, Nullable`1 issuedAt, SigningCredentials signingCredentials, EncryptingCredentials encryptingCredentials)
   at System.IdentityModel.Tokens.Jwt.JwtSecurityTokenHandler.CreateToken(SecurityTokenDescriptor tokenDescriptor)
   at BusinessLogic.Services.UserService.generateJwtToken(User user) in C:\Users\HIEUNGUYEN\OneDrive\Desktop\RESTfulAPIDemo\BusinessLogic\Services\Implements\UserService.cs:line 49
   at BusinessLogic.Services.UserService.Authenticate(AuthenticateRequest model) in C:\Users\HIEUNGUYEN\OneDrive\Desktop\RESTfulAPIDemo\BusinessLogic\Services\Implements\UserService.cs:line 34
   at RESTfulAPIDemo.Controllers.UsersController.Authenticate(AuthenticateRequest model) in C:\Users\HIEUNGUYEN\OneDrive\Desktop\RESTfulAPIDemo\RESTfulAPIDemo\Controllers\UsersController.cs:line 22
   at lambda_method(Closure , Object , Object[] )
   at Microsoft.Extensions.Internal.ObjectMethodExecutor.Execute(Object target, Object[] parameters)
   at Microsoft.AspNetCore.Mvc.Infrastructure.ActionMethodExecutor.SyncActionResultExecutor.Execute(IActionResultTypeMapper mapper, ObjectMethodExecutor executor, Object controller, Object[] arguments)
   at Microsoft.AspNetCore.Mvc.Infrastructure.ControllerActionInvoker.InvokeActionMethodAsync()
   at Microsoft.AspNetCore.Mvc.Infrastructure.ControllerActionInvoker.Next(State& next, Scope& scope, Object& state, Boolean& isCompleted)
   at Microsoft.AspNetCore.Mvc.Infrastructure.ControllerActionInvoker.InvokeNextActionFilterAsync()
--- End of stack trace from previous location where exception was thrown ---
   at Microsoft.AspNetCore.Mvc.Infrastructure.ControllerActionInvoker.Rethrow(ActionExecutedContextSealed context)
   at Microsoft.AspNetCore.Mvc.Infrastructure.ControllerActionInvoker.Next(State& next, Scope& scope, Object& state, Boolean& isCompleted)
   at Microsoft.AspNetCore.Mvc.Infrastructure.ControllerActionInvoker.InvokeInnerFilterAsync()
--- End of stack trace from previous location where exception was thrown ---
   at Microsoft.AspNetCore.Mvc.Infrastructure.ResourceInvoker.<InvokeFilterPipelineAsync>g__Awaited|19_0(ResourceInvoker invoker, Task lastTask, State next, Scope scope, Object state, Boolean isCompleted)
   at Microsoft.AspNetCore.Mvc.Infrastructure.ResourceInvoker.<InvokeAsync>g__Awaited|17_0(ResourceInvoker invoker, Task task, IDisposable scope)
   at Microsoft.AspNetCore.Routing.EndpointMiddleware.<Invoke>g__AwaitRequestTask|6_0(Endpoint endpoint, Task requestTask, ILogger logger)
   at Microsoft.AspNetCore.Authorization.AuthorizationMiddleware.Invoke(HttpContext context)
   at Swashbuckle.AspNetCore.SwaggerUI.SwaggerUIMiddleware.Invoke(HttpContext httpContext)
   at Swashbuckle.AspNetCore.Swagger.SwaggerMiddleware.Invoke(HttpContext httpContext, ISwaggerProvider swaggerProvider)
   at Microsoft.AspNetCore.Diagnostics.DeveloperExceptionPageMiddleware.Invoke(HttpContext context)
2021-01-20T13:53:58.0674948+07:00 [WRN] (RESTfulAPIDemo.Controllers.ProductController) GetProduct(id)_Warning: Can not find product ID123131231
2021-01-20T13:56:40.2219609+07:00 [WRN] (RESTfulAPIDemo.Controllers.ProductController) GetProduct(id)_Warning: Can not find product ID123131231
2021-01-20T14:14:45.4069324+07:00 [WRN] (RESTfulAPIDemo.Controllers.ProductController) GetProduct(id)_Warning: Can not find product ID123131231
2021-01-20T14:18:47.2608376+07:00 [WRN] (RESTfulAPIDemo.Controllers.ProductController) GetProduct(id)_Warning: Can not find product ID123131231
2021-01-20T14:20:23.0001517+07:00 [WRN] (RESTfulAPIDemo.Controllers.ProductController) GetProduct(id)_Warning: Can not find product ID123131231
2021-01-20T14:25:19.4039152+07:00 [WRN] (RESTfulAPIDemo.Controllers.ProductController) GetProduct(id)_Warning: Can not find product ID123131231
2021-01-20T14:49:42.0348414+07:00 [WRN] (RESTfulAPIDemo.Controllers.ProductController) GetProduct(id)_Warning: Can not find product ID123131231
2021-01-20T14:49:57.2153456+07:00 [WRN] (RESTfulAPIDemo.Controllers.ProductController) GetProduct(id)_Warning: Can not find product ID56
2021-01-20T14:53:17.5230498+07:00 [WRN] (RESTfulAPIDemo.Controllers.ProductController) GetProduct(id)_Warning: Can not find product ID56
2021-01-20T14:57:56.1758938+07:00 [WRN] (RESTfulAPIDemo.Controllers.ProductController) GetProduct(id)_Warning: Can not find product ID56
2021-01-20T15:00:28.7724124+07:00 [WRN] (RESTfulAPIDemo.Controllers.ProductController) GetProduct(id)_Warning: Can not find product ID56
2021-01-20T15:03:36.1957789+07:00 [WRN] (RESTfulAPIDemo.Controllers.ProductController) GetProduct(id)_Warning: Can not find product ID56
2021-01-20T15:07:27.5171395+07:00 [WRN] (RESTfulAPIDemo.Controllers.ProductController) GetProduct(id)_Warning: Can not find product ID56
2021-01-20T15:11:16.7985875+07:00 [WRN] (RESTfulAPIDemo.Controllers.ProductController) GetProduct(id)_Warning: Can not find product ID56
2021-01-20T15:16:00.3086083+07:00 [WRN] (RESTfulAPIDemo.Controllers.ProductController) GetProduct(id)_Warning: Can not find product ID56
2021-01-20T15:16:49.2151789+07:00 [WRN] (RESTfulAPIDemo.Controllers.ProductController) GetProduct(id)_Warning: Can not find product ID56
2021-01-20T15:17:35.3541970+07:00 [WRN] (RESTfulAPIDemo.Controllers.ProductController) GetProduct(id)_Warning: Can not find product ID56
2021-01-20T15:19:28.8381757+07:00 [WRN] (RESTfulAPIDemo.Controllers.ProductController) GetProduct(id)_Warning: Can not find product ID56
2021-01-20T15:19:37.4125204+07:00 [WRN] (RESTfulAPIDemo.Controllers.ProductController) GetProduct(id)_Warning: Can not find product ID56
2021-01-20T15:20:09.4546302+07:00 [WRN] (RESTfulAPIDemo.Controllers.ProductController) GetProduct(id)_Warning: Can not find product ID56
2021-01-20T15:22:49.0865128+07:00 [WRN] (RESTfulAPIDemo.Controllers.ProductController) GetProduct(id)_Warning: Can not find product ID56
